[2026-05-17T18:49:43+05:30] To: anjalipurohit2021@gmail.com | Welcome to VideoStream
Hi Purohit,

Your account on VideoStream was created successfully.

Happy streaming,
VideoStream

[2026-05-17T18:53:53+05:30] To: anu@gmail.com | Welcome to VideoStream
Hi anu,

Your account on VideoStream was created successfully.

Happy streaming,
VideoStream

[2026-05-17T18:54:34+05:30] To: anjalipurohit2021@gmail.com | Welcome to VideoStream
Hi Anjali,

Your account on VideoStream was created successfully.

Happy streaming,
VideoStream

[2026-05-17T18:55:23+05:30] To: anjali@gmail.com | Welcome to VideoStream
Hi Purohit,

Your account on VideoStream was created successfully.

Happy streaming,
VideoStream

[2026-05-17T21:51:11+05:30] To: adarsh@gmail.com | Welcome to VideoStream
Hi Adarsh,

Your account on VideoStream was created successfully.

Happy streaming,
VideoStream

[2026-05-17T22:45:22+05:30] To: purohitanjali098@gmail.com | Welcome to VideoStream
Hi Anju,

Your account on VideoStream was created successfully.

Happy streaming,
VideoStream

[2026-05-18T06:04:46+05:30] To: example@test.com | Welcome to VideoStream
Hi example,

Your account on VideoStream was created successfully.

Happy streaming,
VideoStream

[2026-05-19T16:36:20+05:30] To: bayush0001@gmail.com | Welcome to VideoStream
Hi ayush,

Your account on VideoStream was created successfully, and you are now logged in.

Happy streaming,
VideoStream

[2026-05-19T17:17:34+05:30] [FAILED: SKIPPED: SMTP credentials not configured in Admin › Settings › SMTP.] To:purohitanjali098@gmail.com | Welcome to VideoStream — You're all set!
Hi Anjali Purohit,

Welcome to VideoStream! Your account has been created successfully and you are now logged in.

Sign in any time at: /PHP/vs103/public/?module=auth&page=user_login

Happy streaming,
The VideoStream Team

[2026-05-19T18:57:53+05:30] [FAILED: SKIPPED: SMTP credentials not configured in Admin › Settings › SMTP.] To:anjalipurohit2021@gmail.com | Welcome to VideoStream — You're all set!
Hi Anjali,

Welcome to VideoStream! Your account has been created successfully and you are now logged in.

Sign in any time at: /PHP/vs103/public/?module=auth&page=user_login

Happy streaming,
The VideoStream Team

[2026-05-21T08:07:02+05:30] [SENT_OK] To:anjalipurohit1608@gmail.com | Welcome to VideoStream — You're all set!
[HTML email]

[2026-05-21T17:34:31+05:30] [SENT_OK] To:nagpaln201@gmail.com | Welcome to VideoStream — You're all set!
[HTML email]

[2026-05-22T10:28:16+05:30] [SENT_OK] To:pb402518@gmail.com | Welcome to VideoStream — You're all set!
[HTML email]

[2026-05-23T16:31:42+05:30] [SENT_OK] To:adarshpurohitlegend@gmail.com | Welcome to VideoStream — You're all set!
[HTML email]

[2026-05-23T16:32:58+05:30] [SENT_OK] To:adarsh@gmai.com | Welcome to VideoStream — You're all set!
[HTML email]

[2026-05-23T16:53:37+05:30] [SENT_OK] To:anjalipurohit12021@gmail.com | Welcome to VideoStream — You're all set!
[HTML email]

[2026-05-23T19:45:07+05:30] [SENT_OK] To:sagarpujari404@gmail.com | Welcome to VideoStream — You're all set!
[HTML email]

[2026-05-23T21:13:31+05:30] [SENT_OK] To:test16737227@gmail.com | Welcome to VideoStream — You're all set!
[HTML email]

[2026-05-23T21:51:01+05:30] [SENT_OK] To:jyotishagal867@gmail.com | Welcome to VideoStream — You're all set!
[HTML email]

[2026-05-23T22:00:39+05:30] [SENT_OK] To:test16737227@gmail.com | Welcome to VideoStream — You're all set!
[HTML email]

